<?xml version="1.0" encoding="UTF-8"?>
<testsuite name="Bank Test"
           tests="4"
           failures="0"
           errors="0"
           skipped="0"
           time="9.885">
  <properties />
  
  
            <testcase name="customerShouldDepositMoneySuccessfully" time="1.620" classname="com.bank.testsuite.BankTest" />
                <testcase name="bankManagerShouldOpenAccountSuccessfully" time="1.516" classname="com.bank.testsuite.BankTest" />
                <testcase name="bankManagerShouldAddCustomerSuccessfully" time="5.735" classname="com.bank.testsuite.BankTest" />
                <testcase name="customerShouldWithdrawMoneySuccessfully" time="1.014" classname="com.bank.testsuite.BankTest" />
      
</testsuite>
