<?xml version="1.0" encoding="UTF-8"?>
<testsuite name="Bank Test"
           tests="4"
           failures="0"
           errors="0"
           skipped="0"
           time="12.507">
  <properties />
  
  
            <testcase name="customerShouldDepositMoneySuccessfully" time="1.618" classname="com.bank.testsuite.BankTest" />
                <testcase name="bankManagerShouldOpenAccountSuccessfully" time="1.845" classname="com.bank.testsuite.BankTest" />
                <testcase name="bankManagerShouldAddCustomerSuccessfully" time="8.066" classname="com.bank.testsuite.BankTest" />
                <testcase name="customerShouldWithdrawMoneySuccessfully" time="0.978" classname="com.bank.testsuite.BankTest" />
      
</testsuite>
